2019-07-26 10:06:12,560 [http-bio-8080-exec-2] DEBUG Connection - {conn-100000} Connection
2019-07-26 10:06:12,567 [http-bio-8080-exec-2] DEBUG Connection - {conn-100000} Preparing Statement:       select count(*) as cnt from member where email=? and pw=md5(?)     
2019-07-26 10:06:12,604 [http-bio-8080-exec-2] DEBUG PreparedStatement - {pstm-100001} Executing Statement:       select count(*) as cnt from member where email=? and pw=md5(?)     
2019-07-26 10:06:12,605 [http-bio-8080-exec-2] DEBUG PreparedStatement - {pstm-100001} Parameters: [yuni@test.com, dldbs12]
2019-07-26 10:06:12,605 [http-bio-8080-exec-2] DEBUG PreparedStatement - {pstm-100001} Types: [java.lang.String, java.lang.String]
2019-07-26 10:06:12,636 [http-bio-8080-exec-2] DEBUG ResultSet - {rset-100002} ResultSet
2019-07-26 10:06:12,647 [http-bio-8080-exec-2] DEBUG ResultSet - {rset-100002} Header: [cnt]
2019-07-26 10:06:12,647 [http-bio-8080-exec-2] DEBUG ResultSet - {rset-100002} Result: [1]
2019-07-26 10:06:12,652 [http-bio-8080-exec-2] DEBUG Connection - {conn-100003} Connection
2019-07-26 10:06:12,652 [http-bio-8080-exec-2] DEBUG Connection - {conn-100003} Preparing Statement:          select * from member where email=? and pw=md5(?)     
2019-07-26 10:06:12,652 [http-bio-8080-exec-2] DEBUG PreparedStatement - {pstm-100004} Executing Statement:          select * from member where email=? and pw=md5(?)     
2019-07-26 10:06:12,652 [http-bio-8080-exec-2] DEBUG PreparedStatement - {pstm-100004} Parameters: [yuni@test.com, dldbs12]
2019-07-26 10:06:12,652 [http-bio-8080-exec-2] DEBUG PreparedStatement - {pstm-100004} Types: [java.lang.String, java.lang.String]
2019-07-26 10:06:12,655 [http-bio-8080-exec-2] DEBUG ResultSet - {rset-100005} ResultSet
2019-07-26 10:06:12,657 [http-bio-8080-exec-2] DEBUG ResultSet - {rset-100005} Header: [no, name, email, pw, tel, birth, registdate, memo]
2019-07-26 10:06:12,657 [http-bio-8080-exec-2] DEBUG ResultSet - {rset-100005} Result: [15, 윤이, yuni@test.com, 202e3a36d0d748db001039f88fe0283f, 010 8888 8888, 1998.11.16, 2019-07-25 15:40:59.0, <p>하이이</p>]
2019-07-26 10:06:15,200 [http-bio-8080-exec-5] DEBUG Connection - {conn-100006} Connection
2019-07-26 10:06:15,200 [http-bio-8080-exec-5] DEBUG Connection - {conn-100006} Preparing Statement:          select * from mypet where member_pk=? ORDER BY registdate DESC      
2019-07-26 10:06:15,200 [http-bio-8080-exec-5] DEBUG PreparedStatement - {pstm-100007} Executing Statement:          select * from mypet where member_pk=? ORDER BY registdate DESC      
2019-07-26 10:06:15,200 [http-bio-8080-exec-5] DEBUG PreparedStatement - {pstm-100007} Parameters: [15]
2019-07-26 10:06:15,201 [http-bio-8080-exec-5] DEBUG PreparedStatement - {pstm-100007} Types: [java.lang.Integer]
2019-07-26 10:06:15,212 [http-bio-8080-exec-5] DEBUG ResultSet - {rset-100008} ResultSet
2019-07-26 10:06:15,214 [http-bio-8080-exec-5] DEBUG ResultSet - {rset-100008} Header: [no, member_pk, name, age, gender, breed, vac, mypet_image, mypet_image_org, memo, registdate, member_name]
2019-07-26 10:06:15,214 [http-bio-8080-exec-5] DEBUG ResultSet - {rset-100008} Result: [22, 15, 할배, 8, 2, 슈나우저, 관절주사 3번째, mypet_1564037078887.jpg, 다운로드 (2).jpg, <p>귀여운 할배</p>, 2019-07-25 15:44:38.0, null]
2019-07-26 10:06:15,215 [http-bio-8080-exec-5] DEBUG ResultSet - {rset-100008} Result: [21, 15, 흰둥이, 1, 1, 말티즈, 예방접종 1차, mypet_1564037010990.jpg, images (2).jpg, <p>넘모 귀여움</p>, 2019-07-25 15:43:30.0, null]
2019-07-26 10:06:15,218 [http-bio-8080-exec-5] DEBUG Connection - {conn-100009} Connection
2019-07-26 10:06:15,218 [http-bio-8080-exec-5] DEBUG Connection - {conn-100009} Preparing Statement:                select no, name, age, gender, breed, vac, mypet_image, mypet_image_org, memo, registdate, member_pk,          (select name from member where no=mypet.member_pk) as member_name from mypet where no=?               
2019-07-26 10:06:15,218 [http-bio-8080-exec-5] DEBUG PreparedStatement - {pstm-100010} Executing Statement:                select no, name, age, gender, breed, vac, mypet_image, mypet_image_org, memo, registdate, member_pk,          (select name from member where no=mypet.member_pk) as member_name from mypet where no=?               
2019-07-26 10:06:15,219 [http-bio-8080-exec-5] DEBUG PreparedStatement - {pstm-100010} Parameters: [0]
2019-07-26 10:06:15,219 [http-bio-8080-exec-5] DEBUG PreparedStatement - {pstm-100010} Types: [java.lang.Integer]
2019-07-26 10:06:15,222 [http-bio-8080-exec-5] DEBUG ResultSet - {rset-100011} ResultSet
2019-07-26 10:08:05,141 [http-bio-8080-exec-8] DEBUG Connection - {conn-100012} Connection
2019-07-26 10:08:05,141 [http-bio-8080-exec-8] DEBUG Connection - {conn-100012} Preparing Statement:          select * from mypet where member_pk=? ORDER BY registdate DESC      
2019-07-26 10:08:05,142 [http-bio-8080-exec-8] DEBUG PreparedStatement - {pstm-100013} Executing Statement:          select * from mypet where member_pk=? ORDER BY registdate DESC      
2019-07-26 10:08:05,142 [http-bio-8080-exec-8] DEBUG PreparedStatement - {pstm-100013} Parameters: [15]
2019-07-26 10:08:05,142 [http-bio-8080-exec-8] DEBUG PreparedStatement - {pstm-100013} Types: [java.lang.Integer]
2019-07-26 10:08:05,144 [http-bio-8080-exec-8] DEBUG ResultSet - {rset-100014} ResultSet
2019-07-26 10:08:05,146 [http-bio-8080-exec-8] DEBUG ResultSet - {rset-100014} Header: [no, member_pk, name, age, gender, breed, vac, mypet_image, mypet_image_org, memo, registdate, member_name]
2019-07-26 10:08:05,146 [http-bio-8080-exec-8] DEBUG ResultSet - {rset-100014} Result: [22, 15, 할배, 8, 2, 슈나우저, 관절주사 3번째, mypet_1564037078887.jpg, 다운로드 (2).jpg, <p>귀여운 할배</p>, 2019-07-25 15:44:38.0, null]
2019-07-26 10:08:05,147 [http-bio-8080-exec-8] DEBUG ResultSet - {rset-100014} Result: [21, 15, 흰둥이, 1, 1, 말티즈, 예방접종 1차, mypet_1564037010990.jpg, images (2).jpg, <p>넘모 귀여움</p>, 2019-07-25 15:43:30.0, null]
2019-07-26 10:08:05,152 [http-bio-8080-exec-8] DEBUG Connection - {conn-100015} Connection
2019-07-26 10:08:05,152 [http-bio-8080-exec-8] DEBUG Connection - {conn-100015} Preparing Statement:                select no, name, age, gender, breed, vac, mypet_image, mypet_image_org, memo, registdate, member_pk,          (select name from member where no=mypet.member_pk) as member_name from mypet where no=?               
2019-07-26 10:08:05,152 [http-bio-8080-exec-8] DEBUG PreparedStatement - {pstm-100016} Executing Statement:                select no, name, age, gender, breed, vac, mypet_image, mypet_image_org, memo, registdate, member_pk,          (select name from member where no=mypet.member_pk) as member_name from mypet where no=?               
2019-07-26 10:08:05,152 [http-bio-8080-exec-8] DEBUG PreparedStatement - {pstm-100016} Parameters: [0]
2019-07-26 10:08:05,152 [http-bio-8080-exec-8] DEBUG PreparedStatement - {pstm-100016} Types: [java.lang.Integer]
2019-07-26 10:08:05,154 [http-bio-8080-exec-8] DEBUG ResultSet - {rset-100017} ResultSet
2019-07-26 10:08:28,521 [http-bio-8080-exec-1] DEBUG Connection - {conn-100018} Connection
2019-07-26 10:08:28,522 [http-bio-8080-exec-1] DEBUG Connection - {conn-100018} Preparing Statement:                select no, email, tel, birth, pw, name, memo, registdate,          ifnull((select max(no) from member where no>1 and no<?), 0) as prev_no,          ifnull((select min(no) from member where no>1 and no>?), 0) as next_no          from member where no=?               
2019-07-26 10:08:28,522 [http-bio-8080-exec-1] DEBUG PreparedStatement - {pstm-100019} Executing Statement:                select no, email, tel, birth, pw, name, memo, registdate,          ifnull((select max(no) from member where no>1 and no<?), 0) as prev_no,          ifnull((select min(no) from member where no>1 and no>?), 0) as next_no          from member where no=?               
2019-07-26 10:08:28,522 [http-bio-8080-exec-1] DEBUG PreparedStatement - {pstm-100019} Parameters: [15, 15, 15]
2019-07-26 10:08:28,522 [http-bio-8080-exec-1] DEBUG PreparedStatement - {pstm-100019} Types: [java.lang.Integer, java.lang.Integer, java.lang.Integer]
2019-07-26 10:08:28,524 [http-bio-8080-exec-1] DEBUG ResultSet - {rset-100020} ResultSet
2019-07-26 10:08:28,525 [http-bio-8080-exec-1] DEBUG ResultSet - {rset-100020} Header: [no, email, tel, birth, pw, name, memo, registdate]
2019-07-26 10:08:28,525 [http-bio-8080-exec-1] DEBUG ResultSet - {rset-100020} Result: [15, yuni@test.com, 010 8888 8888, 1998.11.16, 202e3a36d0d748db001039f88fe0283f, 윤이, <p>하이이</p>, 2019-07-25 15:40:59.0]
2019-07-26 10:08:33,752 [http-bio-8080-exec-4] DEBUG Connection - {conn-100021} Connection
2019-07-26 10:08:33,753 [http-bio-8080-exec-4] DEBUG Connection - {conn-100021} Preparing Statement:          select * from mypet where member_pk=? ORDER BY registdate DESC      
2019-07-26 10:08:33,753 [http-bio-8080-exec-4] DEBUG PreparedStatement - {pstm-100022} Executing Statement:          select * from mypet where member_pk=? ORDER BY registdate DESC      
2019-07-26 10:08:33,753 [http-bio-8080-exec-4] DEBUG PreparedStatement - {pstm-100022} Parameters: [15]
2019-07-26 10:08:33,753 [http-bio-8080-exec-4] DEBUG PreparedStatement - {pstm-100022} Types: [java.lang.Integer]
2019-07-26 10:08:33,754 [http-bio-8080-exec-4] DEBUG ResultSet - {rset-100023} ResultSet
2019-07-26 10:08:33,754 [http-bio-8080-exec-4] DEBUG ResultSet - {rset-100023} Header: [no, member_pk, name, age, gender, breed, vac, mypet_image, mypet_image_org, memo, registdate, member_name]
2019-07-26 10:08:33,754 [http-bio-8080-exec-4] DEBUG ResultSet - {rset-100023} Result: [22, 15, 할배, 8, 2, 슈나우저, 관절주사 3번째, mypet_1564037078887.jpg, 다운로드 (2).jpg, <p>귀여운 할배</p>, 2019-07-25 15:44:38.0, null]
2019-07-26 10:08:33,755 [http-bio-8080-exec-4] DEBUG ResultSet - {rset-100023} Result: [21, 15, 흰둥이, 1, 1, 말티즈, 예방접종 1차, mypet_1564037010990.jpg, images (2).jpg, <p>넘모 귀여움</p>, 2019-07-25 15:43:30.0, null]
2019-07-26 10:08:33,762 [http-bio-8080-exec-4] DEBUG Connection - {conn-100024} Connection
2019-07-26 10:08:33,763 [http-bio-8080-exec-4] DEBUG Connection - {conn-100024} Preparing Statement:                select no, name, age, gender, breed, vac, mypet_image, mypet_image_org, memo, registdate, member_pk,          (select name from member where no=mypet.member_pk) as member_name from mypet where no=?               
2019-07-26 10:08:33,763 [http-bio-8080-exec-4] DEBUG PreparedStatement - {pstm-100025} Executing Statement:                select no, name, age, gender, breed, vac, mypet_image, mypet_image_org, memo, registdate, member_pk,          (select name from member where no=mypet.member_pk) as member_name from mypet where no=?               
2019-07-26 10:08:33,763 [http-bio-8080-exec-4] DEBUG PreparedStatement - {pstm-100025} Parameters: [0]
2019-07-26 10:08:33,763 [http-bio-8080-exec-4] DEBUG PreparedStatement - {pstm-100025} Types: [java.lang.Integer]
2019-07-26 10:08:33,765 [http-bio-8080-exec-4] DEBUG ResultSet - {rset-100026} ResultSet
2019-07-26 10:14:38,297 [http-bio-8080-exec-7] DEBUG Connection - {conn-100000} Connection
2019-07-26 10:14:38,301 [http-bio-8080-exec-7] DEBUG Connection - {conn-100000} Preparing Statement:       select count(*) as cnt from member where email=? and pw=md5(?)     
2019-07-26 10:14:38,322 [http-bio-8080-exec-7] DEBUG PreparedStatement - {pstm-100001} Executing Statement:       select count(*) as cnt from member where email=? and pw=md5(?)     
2019-07-26 10:14:38,322 [http-bio-8080-exec-7] DEBUG PreparedStatement - {pstm-100001} Parameters: [yuni@test.com, dldbs12]
2019-07-26 10:14:38,322 [http-bio-8080-exec-7] DEBUG PreparedStatement - {pstm-100001} Types: [java.lang.String, java.lang.String]
2019-07-26 10:14:38,339 [http-bio-8080-exec-7] DEBUG ResultSet - {rset-100002} ResultSet
2019-07-26 10:14:38,342 [http-bio-8080-exec-7] DEBUG ResultSet - {rset-100002} Header: [cnt]
2019-07-26 10:14:38,342 [http-bio-8080-exec-7] DEBUG ResultSet - {rset-100002} Result: [1]
2019-07-26 10:14:38,346 [http-bio-8080-exec-7] DEBUG Connection - {conn-100003} Connection
2019-07-26 10:14:38,346 [http-bio-8080-exec-7] DEBUG Connection - {conn-100003} Preparing Statement:          select * from member where email=? and pw=md5(?)     
2019-07-26 10:14:38,346 [http-bio-8080-exec-7] DEBUG PreparedStatement - {pstm-100004} Executing Statement:          select * from member where email=? and pw=md5(?)     
2019-07-26 10:14:38,346 [http-bio-8080-exec-7] DEBUG PreparedStatement - {pstm-100004} Parameters: [yuni@test.com, dldbs12]
2019-07-26 10:14:38,346 [http-bio-8080-exec-7] DEBUG PreparedStatement - {pstm-100004} Types: [java.lang.String, java.lang.String]
2019-07-26 10:14:38,349 [http-bio-8080-exec-7] DEBUG ResultSet - {rset-100005} ResultSet
2019-07-26 10:14:38,349 [http-bio-8080-exec-7] DEBUG ResultSet - {rset-100005} Header: [no, name, email, pw, tel, birth, registdate, memo]
2019-07-26 10:14:38,349 [http-bio-8080-exec-7] DEBUG ResultSet - {rset-100005} Result: [15, 윤이, yuni@test.com, 202e3a36d0d748db001039f88fe0283f, 010 8888 8888, 1998.11.16, 2019-07-25 15:40:59.0, <p>하이이</p>]
2019-07-26 10:14:40,170 [http-bio-8080-exec-7] DEBUG Connection - {conn-100006} Connection
2019-07-26 10:14:40,170 [http-bio-8080-exec-7] DEBUG Connection - {conn-100006} Preparing Statement:          select * from mypet where member_pk=? ORDER BY registdate DESC      
2019-07-26 10:14:40,170 [http-bio-8080-exec-7] DEBUG PreparedStatement - {pstm-100007} Executing Statement:          select * from mypet where member_pk=? ORDER BY registdate DESC      
2019-07-26 10:14:40,170 [http-bio-8080-exec-7] DEBUG PreparedStatement - {pstm-100007} Parameters: [15]
2019-07-26 10:14:40,170 [http-bio-8080-exec-7] DEBUG PreparedStatement - {pstm-100007} Types: [java.lang.Integer]
2019-07-26 10:14:40,171 [http-bio-8080-exec-7] DEBUG ResultSet - {rset-100008} ResultSet
2019-07-26 10:14:40,172 [http-bio-8080-exec-7] DEBUG ResultSet - {rset-100008} Header: [no, member_pk, name, age, gender, breed, vac, mypet_image, mypet_image_org, memo, registdate, member_name]
2019-07-26 10:14:40,172 [http-bio-8080-exec-7] DEBUG ResultSet - {rset-100008} Result: [22, 15, 할배, 8, 2, 슈나우저, 관절주사 3번째, mypet_1564037078887.jpg, 다운로드 (2).jpg, <p>귀여운 할배</p>, 2019-07-25 15:44:38.0, null]
2019-07-26 10:14:40,172 [http-bio-8080-exec-7] DEBUG ResultSet - {rset-100008} Result: [21, 15, 흰둥이, 1, 1, 말티즈, 예방접종 1차, mypet_1564037010990.jpg, images (2).jpg, <p>넘모 귀여움</p>, 2019-07-25 15:43:30.0, null]
2019-07-26 10:26:49,149 [http-bio-8080-exec-23] DEBUG Connection - {conn-100000} Connection
2019-07-26 10:26:49,151 [http-bio-8080-exec-23] DEBUG Connection - {conn-100000} Preparing Statement:       select count(*) as cnt from member where email=? and pw=md5(?)     
2019-07-26 10:26:49,174 [http-bio-8080-exec-23] DEBUG PreparedStatement - {pstm-100001} Executing Statement:       select count(*) as cnt from member where email=? and pw=md5(?)     
2019-07-26 10:26:49,174 [http-bio-8080-exec-23] DEBUG PreparedStatement - {pstm-100001} Parameters: [yuni@test.com, dldbs12]
2019-07-26 10:26:49,174 [http-bio-8080-exec-23] DEBUG PreparedStatement - {pstm-100001} Types: [java.lang.String, java.lang.String]
2019-07-26 10:26:49,191 [http-bio-8080-exec-23] DEBUG ResultSet - {rset-100002} ResultSet
2019-07-26 10:26:49,193 [http-bio-8080-exec-23] DEBUG ResultSet - {rset-100002} Header: [cnt]
2019-07-26 10:26:49,193 [http-bio-8080-exec-23] DEBUG ResultSet - {rset-100002} Result: [1]
2019-07-26 10:26:49,197 [http-bio-8080-exec-23] DEBUG Connection - {conn-100003} Connection
2019-07-26 10:26:49,197 [http-bio-8080-exec-23] DEBUG Connection - {conn-100003} Preparing Statement:          select * from member where email=? and pw=md5(?)     
2019-07-26 10:26:49,198 [http-bio-8080-exec-23] DEBUG PreparedStatement - {pstm-100004} Executing Statement:          select * from member where email=? and pw=md5(?)     
2019-07-26 10:26:49,198 [http-bio-8080-exec-23] DEBUG PreparedStatement - {pstm-100004} Parameters: [yuni@test.com, dldbs12]
2019-07-26 10:26:49,198 [http-bio-8080-exec-23] DEBUG PreparedStatement - {pstm-100004} Types: [java.lang.String, java.lang.String]
2019-07-26 10:26:49,199 [http-bio-8080-exec-23] DEBUG ResultSet - {rset-100005} ResultSet
2019-07-26 10:26:49,200 [http-bio-8080-exec-23] DEBUG ResultSet - {rset-100005} Header: [no, name, email, pw, tel, birth, registdate, memo]
2019-07-26 10:26:49,200 [http-bio-8080-exec-23] DEBUG ResultSet - {rset-100005} Result: [15, 윤이, yuni@test.com, 202e3a36d0d748db001039f88fe0283f, 010 8888 8888, 1998.11.16, 2019-07-25 15:40:59.0, <p>하이이</p>]
2019-07-26 10:26:53,751 [http-bio-8080-exec-23] DEBUG Connection - {conn-100006} Connection
2019-07-26 10:26:53,751 [http-bio-8080-exec-23] DEBUG Connection - {conn-100006} Preparing Statement:          select * from mypet where member_pk=? ORDER BY registdate DESC      
2019-07-26 10:26:53,751 [http-bio-8080-exec-23] DEBUG PreparedStatement - {pstm-100007} Executing Statement:          select * from mypet where member_pk=? ORDER BY registdate DESC      
2019-07-26 10:26:53,751 [http-bio-8080-exec-23] DEBUG PreparedStatement - {pstm-100007} Parameters: [15]
2019-07-26 10:26:53,751 [http-bio-8080-exec-23] DEBUG PreparedStatement - {pstm-100007} Types: [java.lang.Integer]
2019-07-26 10:26:53,753 [http-bio-8080-exec-23] DEBUG ResultSet - {rset-100008} ResultSet
2019-07-26 10:26:53,754 [http-bio-8080-exec-23] DEBUG ResultSet - {rset-100008} Header: [no, member_pk, name, age, gender, breed, vac, mypet_image, mypet_image_org, memo, registdate, member_name]
2019-07-26 10:26:53,754 [http-bio-8080-exec-23] DEBUG ResultSet - {rset-100008} Result: [22, 15, 할배, 8, 2, 슈나우저, 관절주사 3번째, mypet_1564037078887.jpg, 다운로드 (2).jpg, <p>귀여운 할배</p>, 2019-07-25 15:44:38.0, null]
2019-07-26 10:26:53,754 [http-bio-8080-exec-23] DEBUG ResultSet - {rset-100008} Result: [21, 15, 흰둥이, 1, 1, 말티즈, 예방접종 1차, mypet_1564037010990.jpg, images (2).jpg, <p>넘모 귀여움</p>, 2019-07-25 15:43:30.0, null]
2019-07-26 11:20:59,343 [http-bio-8080-exec-29] DEBUG Connection - {conn-100009} Connection
2019-07-26 11:20:59,345 [http-bio-8080-exec-29] DEBUG Connection - {conn-100009} Preparing Statement:       select count(*) as cnt from member where email=? and pw=md5(?)     
2019-07-26 11:20:59,347 [http-bio-8080-exec-29] DEBUG PreparedStatement - {pstm-100010} Executing Statement:       select count(*) as cnt from member where email=? and pw=md5(?)     
2019-07-26 11:20:59,347 [http-bio-8080-exec-29] DEBUG PreparedStatement - {pstm-100010} Parameters: [yuni@test.com, dldbs12]
2019-07-26 11:20:59,347 [http-bio-8080-exec-29] DEBUG PreparedStatement - {pstm-100010} Types: [java.lang.String, java.lang.String]
2019-07-26 11:20:59,350 [http-bio-8080-exec-29] DEBUG ResultSet - {rset-100011} ResultSet
2019-07-26 11:20:59,351 [http-bio-8080-exec-29] DEBUG ResultSet - {rset-100011} Header: [cnt]
2019-07-26 11:20:59,351 [http-bio-8080-exec-29] DEBUG ResultSet - {rset-100011} Result: [1]
2019-07-26 11:20:59,363 [http-bio-8080-exec-29] DEBUG Connection - {conn-100012} Connection
2019-07-26 11:20:59,363 [http-bio-8080-exec-29] DEBUG Connection - {conn-100012} Preparing Statement:          select * from member where email=? and pw=md5(?)     
2019-07-26 11:20:59,364 [http-bio-8080-exec-29] DEBUG PreparedStatement - {pstm-100013} Executing Statement:          select * from member where email=? and pw=md5(?)     
2019-07-26 11:20:59,364 [http-bio-8080-exec-29] DEBUG PreparedStatement - {pstm-100013} Parameters: [yuni@test.com, dldbs12]
2019-07-26 11:20:59,364 [http-bio-8080-exec-29] DEBUG PreparedStatement - {pstm-100013} Types: [java.lang.String, java.lang.String]
2019-07-26 11:20:59,365 [http-bio-8080-exec-29] DEBUG ResultSet - {rset-100014} ResultSet
2019-07-26 11:20:59,366 [http-bio-8080-exec-29] DEBUG ResultSet - {rset-100014} Header: [no, name, email, pw, tel, birth, registdate, memo]
2019-07-26 11:20:59,366 [http-bio-8080-exec-29] DEBUG ResultSet - {rset-100014} Result: [15, 윤이, yuni@test.com, 202e3a36d0d748db001039f88fe0283f, 010 8888 8888, 1998.11.16, 2019-07-25 15:40:59.0, <p>하이이</p>]
2019-07-26 11:21:02,837 [http-bio-8080-exec-29] DEBUG Connection - {conn-100015} Connection
2019-07-26 11:21:02,837 [http-bio-8080-exec-29] DEBUG Connection - {conn-100015} Preparing Statement:          select * from mypet where member_pk=? ORDER BY registdate DESC      
2019-07-26 11:21:02,837 [http-bio-8080-exec-29] DEBUG PreparedStatement - {pstm-100016} Executing Statement:          select * from mypet where member_pk=? ORDER BY registdate DESC      
2019-07-26 11:21:02,837 [http-bio-8080-exec-29] DEBUG PreparedStatement - {pstm-100016} Parameters: [15]
2019-07-26 11:21:02,837 [http-bio-8080-exec-29] DEBUG PreparedStatement - {pstm-100016} Types: [java.lang.Integer]
2019-07-26 11:21:02,838 [http-bio-8080-exec-29] DEBUG ResultSet - {rset-100017} ResultSet
2019-07-26 11:21:02,839 [http-bio-8080-exec-29] DEBUG ResultSet - {rset-100017} Header: [no, member_pk, name, age, gender, breed, vac, mypet_image, mypet_image_org, memo, registdate, member_name]
2019-07-26 11:21:02,840 [http-bio-8080-exec-29] DEBUG ResultSet - {rset-100017} Result: [22, 15, 할배, 8, 2, 슈나우저, 관절주사 3번째, mypet_1564037078887.jpg, 다운로드 (2).jpg, <p>귀여운 할배</p>, 2019-07-25 15:44:38.0, null]
2019-07-26 11:21:02,841 [http-bio-8080-exec-29] DEBUG ResultSet - {rset-100017} Result: [21, 15, 흰둥이, 1, 1, 말티즈, 예방접종 1차, mypet_1564037010990.jpg, images (2).jpg, <p>넘모 귀여움</p>, 2019-07-25 15:43:30.0, null]
2019-07-26 11:22:22,208 [http-bio-8080-exec-24] DEBUG Connection - {conn-100018} Connection
2019-07-26 11:22:22,210 [http-bio-8080-exec-24] DEBUG Connection - {conn-100018} Preparing Statement:          select count(*) from member                 where    1=1              
2019-07-26 11:22:22,210 [http-bio-8080-exec-24] DEBUG PreparedStatement - {pstm-100019} Executing Statement:          select count(*) from member                 where    1=1              
2019-07-26 11:22:22,211 [http-bio-8080-exec-24] DEBUG PreparedStatement - {pstm-100019} Parameters: []
2019-07-26 11:22:22,211 [http-bio-8080-exec-24] DEBUG PreparedStatement - {pstm-100019} Types: []
2019-07-26 11:22:22,213 [http-bio-8080-exec-24] DEBUG ResultSet - {rset-100020} ResultSet
2019-07-26 11:22:22,213 [http-bio-8080-exec-24] DEBUG ResultSet - {rset-100020} Header: [count(*)]
2019-07-26 11:22:22,213 [http-bio-8080-exec-24] DEBUG ResultSet - {rset-100020} Result: [11]
2019-07-26 11:22:22,220 [http-bio-8080-exec-24] DEBUG Connection - {conn-100021} Connection
2019-07-26 11:22:22,221 [http-bio-8080-exec-24] DEBUG Connection - {conn-100021} Preparing Statement:          select * from member                 where    1=1            ORDER BY no DESC LIMIT 0, 10      
2019-07-26 11:22:22,221 [http-bio-8080-exec-24] DEBUG PreparedStatement - {pstm-100022} Executing Statement:          select * from member                 where    1=1            ORDER BY no DESC LIMIT 0, 10      
2019-07-26 11:22:22,221 [http-bio-8080-exec-24] DEBUG PreparedStatement - {pstm-100022} Parameters: []
2019-07-26 11:22:22,221 [http-bio-8080-exec-24] DEBUG PreparedStatement - {pstm-100022} Types: []
2019-07-26 11:22:22,224 [http-bio-8080-exec-24] DEBUG ResultSet - {rset-100023} ResultSet
2019-07-26 11:22:22,224 [http-bio-8080-exec-24] DEBUG ResultSet - {rset-100023} Header: [no, name, email, pw, tel, birth, registdate, memo]
2019-07-26 11:22:22,224 [http-bio-8080-exec-24] DEBUG ResultSet - {rset-100023} Result: [22, fsf, dfs, 8fa14cdd754f91cc6554c9e71929cce7, fdsf,fdsf, dfs, 2019-07-25 17:28:04.0, null]
2019-07-26 11:22:22,224 [http-bio-8080-exec-24] DEBUG ResultSet - {rset-100023} Result: [21, dsfds, sdfsd, d58e3582afa99040e27b92b13c8f2280, fdsf,fdsf, dsfdfs, 2019-07-25 17:27:35.0, null]
2019-07-26 11:22:22,225 [http-bio-8080-exec-24] DEBUG ResultSet - {rset-100023} Result: [20, sdfds, dfsdfs, d852e56e1ca22a21213a810686ced87b, dsfs,dsfs, sfdsf, 2019-07-25 17:27:25.0, null]
2019-07-26 11:22:22,225 [http-bio-8080-exec-24] DEBUG ResultSet - {rset-100023} Result: [19, fdsfs, dfsdfsd, 9a54dbc4bdd16c1a19804751d113c44b, sfds,sdfd, dsfdsfd, 2019-07-25 17:27:14.0, null]
2019-07-26 11:22:22,225 [http-bio-8080-exec-24] DEBUG ResultSet - {rset-100023} Result: [18, dsfds, dsfdf, d6e9c56d7f078d298ed4695d899effbe, dfds,dsfd, sdfdsf, 2019-07-25 17:27:04.0, null]
2019-07-26 11:22:22,225 [http-bio-8080-exec-24] DEBUG ResultSet - {rset-100023} Result: [17, fvcbc, df, b2f5ff47436671b6e533d8dc3614845d, bvb,cb, vbvc, 2019-07-25 17:26:52.0, null]
2019-07-26 11:22:22,225 [http-bio-8080-exec-24] DEBUG ResultSet - {rset-100023} Result: [16, f, f, 8fa14cdd754f91cc6554c9e71929cce7, f,f, f, 2019-07-25 17:26:44.0, null]
2019-07-26 11:22:22,226 [http-bio-8080-exec-24] DEBUG ResultSet - {rset-100023} Result: [15, 윤이, yuni@test.com, 202e3a36d0d748db001039f88fe0283f, 010 8888 8888, 1998.11.16, 2019-07-25 15:40:59.0, <p>하이이</p>]
2019-07-26 11:22:22,226 [http-bio-8080-exec-24] DEBUG ResultSet - {rset-100023} Result: [14, test, qwer, 962012d09b8170d912f0669f6d7d9d07, 2342,3423, 324234, 2019-07-24 16:16:10.0, null]
2019-07-26 11:22:22,226 [http-bio-8080-exec-24] DEBUG ResultSet - {rset-100023} Result: [13, 윤이, yuni, null, 7777,7777, 19981116, 2019-07-24 15:29:16.0, null]
2019-07-26 11:22:26,222 [http-bio-8080-exec-24] DEBUG Connection - {conn-100024} Connection
2019-07-26 11:22:26,222 [http-bio-8080-exec-24] DEBUG Connection - {conn-100024} Preparing Statement:                select no, email, tel, birth, pw, name, memo, registdate,          ifnull((select max(no) from member where no>1 and no<?), 0) as prev_no,          ifnull((select min(no) from member where no>1 and no>?), 0) as next_no          from member where no=?               
2019-07-26 11:22:26,223 [http-bio-8080-exec-24] DEBUG PreparedStatement - {pstm-100025} Executing Statement:                select no, email, tel, birth, pw, name, memo, registdate,          ifnull((select max(no) from member where no>1 and no<?), 0) as prev_no,          ifnull((select min(no) from member where no>1 and no>?), 0) as next_no          from member where no=?               
2019-07-26 11:22:26,223 [http-bio-8080-exec-24] DEBUG PreparedStatement - {pstm-100025} Parameters: [15, 15, 15]
2019-07-26 11:22:26,223 [http-bio-8080-exec-24] DEBUG PreparedStatement - {pstm-100025} Types: [java.lang.Integer, java.lang.Integer, java.lang.Integer]
2019-07-26 11:22:26,225 [http-bio-8080-exec-24] DEBUG ResultSet - {rset-100026} ResultSet
2019-07-26 11:22:26,226 [http-bio-8080-exec-24] DEBUG ResultSet - {rset-100026} Header: [no, email, tel, birth, pw, name, memo, registdate]
2019-07-26 11:22:26,226 [http-bio-8080-exec-24] DEBUG ResultSet - {rset-100026} Result: [15, yuni@test.com, 010 8888 8888, 1998.11.16, 202e3a36d0d748db001039f88fe0283f, 윤이, <p>하이이</p>, 2019-07-25 15:40:59.0]
2019-07-26 11:22:27,864 [http-bio-8080-exec-24] DEBUG Connection - {conn-100027} Connection
2019-07-26 11:22:27,864 [http-bio-8080-exec-24] DEBUG Connection - {conn-100027} Preparing Statement:          select * from mypet where member_pk=? ORDER BY registdate DESC      
2019-07-26 11:22:27,865 [http-bio-8080-exec-24] DEBUG PreparedStatement - {pstm-100028} Executing Statement:          select * from mypet where member_pk=? ORDER BY registdate DESC      
2019-07-26 11:22:27,865 [http-bio-8080-exec-24] DEBUG PreparedStatement - {pstm-100028} Parameters: [15]
2019-07-26 11:22:27,865 [http-bio-8080-exec-24] DEBUG PreparedStatement - {pstm-100028} Types: [java.lang.Integer]
2019-07-26 11:22:27,867 [http-bio-8080-exec-24] DEBUG ResultSet - {rset-100029} ResultSet
2019-07-26 11:22:27,869 [http-bio-8080-exec-24] DEBUG ResultSet - {rset-100029} Header: [no, member_pk, name, age, gender, breed, vac, mypet_image, mypet_image_org, memo, registdate]
2019-07-26 11:22:27,869 [http-bio-8080-exec-24] DEBUG ResultSet - {rset-100029} Result: [22, 15, 할배, 8, 2, 슈나우저, 관절주사 3번째, mypet_1564037078887.jpg, 다운로드 (2).jpg, <p>귀여운 할배</p>, 2019-07-25 15:44:38.0]
2019-07-26 11:22:27,870 [http-bio-8080-exec-24] DEBUG ResultSet - {rset-100029} Result: [21, 15, 흰둥이, 1, 1, 말티즈, 예방접종 1차, mypet_1564037010990.jpg, images (2).jpg, <p>넘모 귀여움</p>, 2019-07-25 15:43:30.0]
2019-07-26 11:22:35,037 [http-bio-8080-exec-24] DEBUG Connection - {conn-100030} Connection
2019-07-26 11:22:35,038 [http-bio-8080-exec-24] DEBUG Connection - {conn-100030} Preparing Statement:          select count(*) from mypet                 where    1=1              
2019-07-26 11:22:35,038 [http-bio-8080-exec-24] DEBUG PreparedStatement - {pstm-100031} Executing Statement:          select count(*) from mypet                 where    1=1              
2019-07-26 11:22:35,038 [http-bio-8080-exec-24] DEBUG PreparedStatement - {pstm-100031} Parameters: []
2019-07-26 11:22:35,038 [http-bio-8080-exec-24] DEBUG PreparedStatement - {pstm-100031} Types: []
2019-07-26 11:22:35,039 [http-bio-8080-exec-24] DEBUG ResultSet - {rset-100032} ResultSet
2019-07-26 11:22:35,040 [http-bio-8080-exec-24] DEBUG ResultSet - {rset-100032} Header: [count(*)]
2019-07-26 11:22:35,040 [http-bio-8080-exec-24] DEBUG ResultSet - {rset-100032} Result: [10]
2019-07-26 11:22:35,043 [http-bio-8080-exec-24] DEBUG Connection - {conn-100033} Connection
2019-07-26 11:22:35,043 [http-bio-8080-exec-24] DEBUG Connection - {conn-100033} Preparing Statement:          select * from mypet                 where    1=1            ORDER BY no DESC LIMIT 0, 10      
2019-07-26 11:22:35,044 [http-bio-8080-exec-24] DEBUG PreparedStatement - {pstm-100034} Executing Statement:          select * from mypet                 where    1=1            ORDER BY no DESC LIMIT 0, 10      
2019-07-26 11:22:35,044 [http-bio-8080-exec-24] DEBUG PreparedStatement - {pstm-100034} Parameters: []
2019-07-26 11:22:35,044 [http-bio-8080-exec-24] DEBUG PreparedStatement - {pstm-100034} Types: []
2019-07-26 11:22:35,045 [http-bio-8080-exec-24] DEBUG ResultSet - {rset-100035} ResultSet
2019-07-26 11:22:35,047 [http-bio-8080-exec-24] DEBUG ResultSet - {rset-100035} Header: [no, member_pk, name, age, gender, breed, vac, mypet_image, mypet_image_org, memo, registdate, member_name]
2019-07-26 11:22:35,047 [http-bio-8080-exec-24] DEBUG ResultSet - {rset-100035} Result: [24, 0, jkh, 6, 1, gvhn, kjhk, null, null, <p>hkhjk</p>, 2019-07-25 17:39:33.0, null]
2019-07-26 11:22:35,047 [http-bio-8080-exec-24] DEBUG ResultSet - {rset-100035} Result: [23, 0, ghf, 6, 1, hfgh, gh, null, null, <p>fghf</p>, 2019-07-25 17:39:19.0, null]
2019-07-26 11:22:35,048 [http-bio-8080-exec-24] DEBUG ResultSet - {rset-100035} Result: [22, 15, 할배, 8, 2, 슈나우저, 관절주사 3번째, mypet_1564037078887.jpg, 다운로드 (2).jpg, <p>귀여운 할배</p>, 2019-07-25 15:44:38.0, null]
2019-07-26 11:22:35,048 [http-bio-8080-exec-24] DEBUG ResultSet - {rset-100035} Result: [21, 15, 흰둥이, 1, 1, 말티즈, 예방접종 1차, mypet_1564037010990.jpg, images (2).jpg, <p>넘모 귀여움</p>, 2019-07-25 15:43:30.0, null]
2019-07-26 11:22:35,048 [http-bio-8080-exec-24] DEBUG ResultSet - {rset-100035} Result: [19, 14, ert, 2, 0, ert, ert, null, null, <p>ert</p>, 2019-07-25 14:49:07.0, null]
2019-07-26 11:22:35,049 [http-bio-8080-exec-24] DEBUG ResultSet - {rset-100035} Result: [18, 14, test, 2, 0, test, test, null, null, <p>&nbsp;test</p>, 2019-07-24 16:17:37.0, null]
2019-07-26 11:22:35,050 [http-bio-8080-exec-24] DEBUG ResultSet - {rset-100035} Result: [17, 13, 둥이, 2, 0, 슈나우저, 예방접종 1차, mypet_1563952477817.jpg, 다운로드 (2).jpg, <p>귀엽다</p>, 2019-07-24 16:14:37.0, null]
2019-07-26 11:22:35,050 [http-bio-8080-exec-24] DEBUG ResultSet - {rset-100035} Result: [16, 9, pet, 2, 0, 강아지, 예방접종 1차, mypet_1563935257840.jpg, images.jpg, <p>귀엽</p>, 2019-07-24 11:27:37.0, null]
2019-07-26 11:22:35,050 [http-bio-8080-exec-24] DEBUG ResultSet - {rset-100035} Result: [13, 1, 할배, 1, 0, 슈나우저, 예방접종 2차, mypet_1563762351649.jpg, 다운로드.jpg, , 2019-07-22 11:25:51.0, null]
2019-07-26 11:22:35,051 [http-bio-8080-exec-24] DEBUG ResultSet - {rset-100035} Result: [12, 1, 흰둥이, 2, 0, 말티즈, 예방접종 2차, mypet_1563761740642.jpg, images.jpg, , 2019-07-22 11:15:40.0, null]
2019-07-26 11:22:40,415 [http-bio-8080-exec-22] DEBUG Connection - {conn-100036} Connection
2019-07-26 11:22:40,415 [http-bio-8080-exec-22] DEBUG Connection - {conn-100036} Preparing Statement:                select no, name, age, gender, breed, vac, mypet_image, mypet_image_org, memo, registdate, member_pk,          (select name from member where no=mypet.member_pk) as member_name from mypet where no=?               
2019-07-26 11:22:40,416 [http-bio-8080-exec-22] DEBUG PreparedStatement - {pstm-100037} Executing Statement:                select no, name, age, gender, breed, vac, mypet_image, mypet_image_org, memo, registdate, member_pk,          (select name from member where no=mypet.member_pk) as member_name from mypet where no=?               
2019-07-26 11:22:40,416 [http-bio-8080-exec-22] DEBUG PreparedStatement - {pstm-100037} Parameters: [24]
2019-07-26 11:22:40,416 [http-bio-8080-exec-22] DEBUG PreparedStatement - {pstm-100037} Types: [java.lang.Integer]
2019-07-26 11:22:40,418 [http-bio-8080-exec-22] DEBUG ResultSet - {rset-100038} ResultSet
2019-07-26 11:22:40,420 [http-bio-8080-exec-22] DEBUG ResultSet - {rset-100038} Header: [no, name, age, gender, breed, vac, mypet_image, mypet_image_org, memo, registdate, member_pk, member_name]
2019-07-26 11:22:40,420 [http-bio-8080-exec-22] DEBUG ResultSet - {rset-100038} Result: [24, jkh, 6, 1, gvhn, kjhk, null, null, <p>hkhjk</p>, 2019-07-25 17:39:33.0, 0, null]
2019-07-26 11:22:49,137 [http-bio-8080-exec-24] DEBUG Connection - {conn-100039} Connection
2019-07-26 11:22:49,138 [http-bio-8080-exec-24] DEBUG Connection - {conn-100039} Preparing Statement:          select count(*) from member                 where    1=1              
2019-07-26 11:22:49,138 [http-bio-8080-exec-24] DEBUG PreparedStatement - {pstm-100040} Executing Statement:          select count(*) from member                 where    1=1              
2019-07-26 11:22:49,138 [http-bio-8080-exec-24] DEBUG PreparedStatement - {pstm-100040} Parameters: []
2019-07-26 11:22:49,138 [http-bio-8080-exec-24] DEBUG PreparedStatement - {pstm-100040} Types: []
2019-07-26 11:22:49,141 [http-bio-8080-exec-24] DEBUG ResultSet - {rset-100041} ResultSet
2019-07-26 11:22:49,141 [http-bio-8080-exec-24] DEBUG ResultSet - {rset-100041} Header: [count(*)]
2019-07-26 11:22:49,141 [http-bio-8080-exec-24] DEBUG ResultSet - {rset-100041} Result: [11]
2019-07-26 11:22:49,146 [http-bio-8080-exec-24] DEBUG Connection - {conn-100042} Connection
2019-07-26 11:22:49,147 [http-bio-8080-exec-24] DEBUG Connection - {conn-100042} Preparing Statement:          select * from member                 where    1=1            ORDER BY no DESC LIMIT 0, 10      
2019-07-26 11:22:49,147 [http-bio-8080-exec-24] DEBUG PreparedStatement - {pstm-100043} Executing Statement:          select * from member                 where    1=1            ORDER BY no DESC LIMIT 0, 10      
2019-07-26 11:22:49,147 [http-bio-8080-exec-24] DEBUG PreparedStatement - {pstm-100043} Parameters: []
2019-07-26 11:22:49,147 [http-bio-8080-exec-24] DEBUG PreparedStatement - {pstm-100043} Types: []
2019-07-26 11:22:49,149 [http-bio-8080-exec-24] DEBUG ResultSet - {rset-100044} ResultSet
2019-07-26 11:22:49,150 [http-bio-8080-exec-24] DEBUG ResultSet - {rset-100044} Header: [no, name, email, pw, tel, birth, registdate, memo]
2019-07-26 11:22:49,150 [http-bio-8080-exec-24] DEBUG ResultSet - {rset-100044} Result: [22, fsf, dfs, 8fa14cdd754f91cc6554c9e71929cce7, fdsf,fdsf, dfs, 2019-07-25 17:28:04.0, null]
2019-07-26 11:22:49,150 [http-bio-8080-exec-24] DEBUG ResultSet - {rset-100044} Result: [21, dsfds, sdfsd, d58e3582afa99040e27b92b13c8f2280, fdsf,fdsf, dsfdfs, 2019-07-25 17:27:35.0, null]
2019-07-26 11:22:49,155 [http-bio-8080-exec-24] DEBUG ResultSet - {rset-100044} Result: [20, sdfds, dfsdfs, d852e56e1ca22a21213a810686ced87b, dsfs,dsfs, sfdsf, 2019-07-25 17:27:25.0, null]
2019-07-26 11:22:49,156 [http-bio-8080-exec-24] DEBUG ResultSet - {rset-100044} Result: [19, fdsfs, dfsdfsd, 9a54dbc4bdd16c1a19804751d113c44b, sfds,sdfd, dsfdsfd, 2019-07-25 17:27:14.0, null]
2019-07-26 11:22:49,156 [http-bio-8080-exec-24] DEBUG ResultSet - {rset-100044} Result: [18, dsfds, dsfdf, d6e9c56d7f078d298ed4695d899effbe, dfds,dsfd, sdfdsf, 2019-07-25 17:27:04.0, null]
2019-07-26 11:22:49,157 [http-bio-8080-exec-24] DEBUG ResultSet - {rset-100044} Result: [17, fvcbc, df, b2f5ff47436671b6e533d8dc3614845d, bvb,cb, vbvc, 2019-07-25 17:26:52.0, null]
2019-07-26 11:22:49,157 [http-bio-8080-exec-24] DEBUG ResultSet - {rset-100044} Result: [16, f, f, 8fa14cdd754f91cc6554c9e71929cce7, f,f, f, 2019-07-25 17:26:44.0, null]
2019-07-26 11:22:49,158 [http-bio-8080-exec-24] DEBUG ResultSet - {rset-100044} Result: [15, 윤이, yuni@test.com, 202e3a36d0d748db001039f88fe0283f, 010 8888 8888, 1998.11.16, 2019-07-25 15:40:59.0, <p>하이이</p>]
2019-07-26 11:22:49,158 [http-bio-8080-exec-24] DEBUG ResultSet - {rset-100044} Result: [14, test, qwer, 962012d09b8170d912f0669f6d7d9d07, 2342,3423, 324234, 2019-07-24 16:16:10.0, null]
2019-07-26 11:22:49,159 [http-bio-8080-exec-24] DEBUG ResultSet - {rset-100044} Result: [13, 윤이, yuni, null, 7777,7777, 19981116, 2019-07-24 15:29:16.0, null]
2019-07-26 11:22:50,542 [http-bio-8080-exec-24] DEBUG Connection - {conn-100045} Connection
2019-07-26 11:22:50,542 [http-bio-8080-exec-24] DEBUG Connection - {conn-100045} Preparing Statement:                select no, email, tel, birth, pw, name, memo, registdate,          ifnull((select max(no) from member where no>1 and no<?), 0) as prev_no,          ifnull((select min(no) from member where no>1 and no>?), 0) as next_no          from member where no=?               
2019-07-26 11:22:50,543 [http-bio-8080-exec-24] DEBUG PreparedStatement - {pstm-100046} Executing Statement:                select no, email, tel, birth, pw, name, memo, registdate,          ifnull((select max(no) from member where no>1 and no<?), 0) as prev_no,          ifnull((select min(no) from member where no>1 and no>?), 0) as next_no          from member where no=?               
2019-07-26 11:22:50,543 [http-bio-8080-exec-24] DEBUG PreparedStatement - {pstm-100046} Parameters: [22, 22, 22]
2019-07-26 11:22:50,543 [http-bio-8080-exec-24] DEBUG PreparedStatement - {pstm-100046} Types: [java.lang.Integer, java.lang.Integer, java.lang.Integer]
2019-07-26 11:22:50,544 [http-bio-8080-exec-24] DEBUG ResultSet - {rset-100047} ResultSet
2019-07-26 11:22:50,545 [http-bio-8080-exec-24] DEBUG ResultSet - {rset-100047} Header: [no, email, tel, birth, pw, name, memo, registdate]
2019-07-26 11:22:50,545 [http-bio-8080-exec-24] DEBUG ResultSet - {rset-100047} Result: [22, dfs, fdsf,fdsf, dfs, 8fa14cdd754f91cc6554c9e71929cce7, fsf, null, 2019-07-25 17:28:04.0]
2019-07-26 11:23:02,401 [http-bio-8080-exec-24] DEBUG Connection - {conn-100048} Connection
2019-07-26 11:23:02,401 [http-bio-8080-exec-24] DEBUG Connection - {conn-100048} Preparing Statement:                select no, email, tel, birth, pw, name, memo, registdate,          ifnull((select max(no) from member where no>1 and no<?), 0) as prev_no,          ifnull((select min(no) from member where no>1 and no>?), 0) as next_no          from member where no=?               
2019-07-26 11:23:02,401 [http-bio-8080-exec-24] DEBUG PreparedStatement - {pstm-100049} Executing Statement:                select no, email, tel, birth, pw, name, memo, registdate,          ifnull((select max(no) from member where no>1 and no<?), 0) as prev_no,          ifnull((select min(no) from member where no>1 and no>?), 0) as next_no          from member where no=?               
2019-07-26 11:23:02,401 [http-bio-8080-exec-24] DEBUG PreparedStatement - {pstm-100049} Parameters: [22, 22, 22]
2019-07-26 11:23:02,401 [http-bio-8080-exec-24] DEBUG PreparedStatement - {pstm-100049} Types: [java.lang.Integer, java.lang.Integer, java.lang.Integer]
2019-07-26 11:23:02,404 [http-bio-8080-exec-24] DEBUG ResultSet - {rset-100050} ResultSet
2019-07-26 11:23:02,405 [http-bio-8080-exec-24] DEBUG ResultSet - {rset-100050} Header: [no, email, tel, birth, pw, name, memo, registdate]
2019-07-26 11:23:02,405 [http-bio-8080-exec-24] DEBUG ResultSet - {rset-100050} Result: [22, dfs, fdsf,fdsf, dfs, 8fa14cdd754f91cc6554c9e71929cce7, fsf, null, 2019-07-25 17:28:04.0]
2019-07-26 11:23:07,845 [http-bio-8080-exec-24] DEBUG Connection - {conn-100051} Connection
2019-07-26 11:23:07,846 [http-bio-8080-exec-24] DEBUG Connection - {conn-100051} Preparing Statement:                select no, email, tel, birth, pw, name, memo, registdate,          ifnull((select max(no) from member where no>1 and no<?), 0) as prev_no,          ifnull((select min(no) from member where no>1 and no>?), 0) as next_no          from member where no=?               
2019-07-26 11:23:07,846 [http-bio-8080-exec-24] DEBUG PreparedStatement - {pstm-100052} Executing Statement:                select no, email, tel, birth, pw, name, memo, registdate,          ifnull((select max(no) from member where no>1 and no<?), 0) as prev_no,          ifnull((select min(no) from member where no>1 and no>?), 0) as next_no          from member where no=?               
2019-07-26 11:23:07,846 [http-bio-8080-exec-24] DEBUG PreparedStatement - {pstm-100052} Parameters: [0, 0, 0]
2019-07-26 11:23:07,846 [http-bio-8080-exec-24] DEBUG PreparedStatement - {pstm-100052} Types: [java.lang.Integer, java.lang.Integer, java.lang.Integer]
2019-07-26 11:23:07,848 [http-bio-8080-exec-24] DEBUG ResultSet - {rset-100053} ResultSet
2019-07-26 11:24:53,169 [http-bio-8080-exec-25] DEBUG Connection - {conn-100054} Connection
2019-07-26 11:24:53,169 [http-bio-8080-exec-25] DEBUG Connection - {conn-100054} Preparing Statement:          select * from mypet where member_pk=? ORDER BY registdate DESC      
2019-07-26 11:24:53,169 [http-bio-8080-exec-25] DEBUG PreparedStatement - {pstm-100055} Executing Statement:          select * from mypet where member_pk=? ORDER BY registdate DESC      
2019-07-26 11:24:53,169 [http-bio-8080-exec-25] DEBUG PreparedStatement - {pstm-100055} Parameters: [15]
2019-07-26 11:24:53,169 [http-bio-8080-exec-25] DEBUG PreparedStatement - {pstm-100055} Types: [java.lang.Integer]
2019-07-26 11:24:53,171 [http-bio-8080-exec-25] DEBUG ResultSet - {rset-100056} ResultSet
2019-07-26 11:24:53,178 [http-bio-8080-exec-25] DEBUG ResultSet - {rset-100056} Header: [no, member_pk, name, age, gender, breed, vac, mypet_image, mypet_image_org, memo, registdate, member_name]
2019-07-26 11:24:53,178 [http-bio-8080-exec-25] DEBUG ResultSet - {rset-100056} Result: [22, 15, 할배, 8, 2, 슈나우저, 관절주사 3번째, mypet_1564037078887.jpg, 다운로드 (2).jpg, <p>귀여운 할배</p>, 2019-07-25 15:44:38.0, null]
2019-07-26 11:24:53,179 [http-bio-8080-exec-25] DEBUG ResultSet - {rset-100056} Result: [21, 15, 흰둥이, 1, 1, 말티즈, 예방접종 1차, mypet_1564037010990.jpg, images (2).jpg, <p>넘모 귀여움</p>, 2019-07-25 15:43:30.0, null]
2019-07-26 11:26:47,151 [http-bio-8080-exec-28] DEBUG Connection - {conn-100057} Connection
2019-07-26 11:26:47,151 [http-bio-8080-exec-28] DEBUG Connection - {conn-100057} Preparing Statement:          select * from mypet where member_pk=? ORDER BY registdate DESC      
2019-07-26 11:26:47,151 [http-bio-8080-exec-28] DEBUG PreparedStatement - {pstm-100058} Executing Statement:          select * from mypet where member_pk=? ORDER BY registdate DESC      
2019-07-26 11:26:47,151 [http-bio-8080-exec-28] DEBUG PreparedStatement - {pstm-100058} Parameters: [15]
2019-07-26 11:26:47,151 [http-bio-8080-exec-28] DEBUG PreparedStatement - {pstm-100058} Types: [java.lang.Integer]
2019-07-26 11:26:47,153 [http-bio-8080-exec-28] DEBUG ResultSet - {rset-100059} ResultSet
2019-07-26 11:26:47,153 [http-bio-8080-exec-28] DEBUG ResultSet - {rset-100059} Header: [no, member_pk, name, age, gender, breed, vac, mypet_image, mypet_image_org, memo, registdate, member_name]
2019-07-26 11:26:47,154 [http-bio-8080-exec-28] DEBUG ResultSet - {rset-100059} Result: [22, 15, 할배, 8, 2, 슈나우저, 관절주사 3번째, mypet_1564037078887.jpg, 다운로드 (2).jpg, <p>귀여운 할배</p>, 2019-07-25 15:44:38.0, null]
2019-07-26 11:26:47,154 [http-bio-8080-exec-28] DEBUG ResultSet - {rset-100059} Result: [21, 15, 흰둥이, 1, 1, 말티즈, 예방접종 1차, mypet_1564037010990.jpg, images (2).jpg, <p>넘모 귀여움</p>, 2019-07-25 15:43:30.0, null]
2019-07-26 11:27:12,685 [http-bio-8080-exec-24] DEBUG Connection - {conn-100060} Connection
2019-07-26 11:27:12,685 [http-bio-8080-exec-24] DEBUG Connection - {conn-100060} Preparing Statement:          select * from mypet where member_pk=? ORDER BY registdate DESC      
2019-07-26 11:27:12,686 [http-bio-8080-exec-24] DEBUG PreparedStatement - {pstm-100061} Executing Statement:          select * from mypet where member_pk=? ORDER BY registdate DESC      
2019-07-26 11:27:12,686 [http-bio-8080-exec-24] DEBUG PreparedStatement - {pstm-100061} Parameters: [15]
2019-07-26 11:27:12,686 [http-bio-8080-exec-24] DEBUG PreparedStatement - {pstm-100061} Types: [java.lang.Integer]
2019-07-26 11:27:12,687 [http-bio-8080-exec-24] DEBUG ResultSet - {rset-100062} ResultSet
2019-07-26 11:27:12,688 [http-bio-8080-exec-24] DEBUG ResultSet - {rset-100062} Header: [no, member_pk, name, age, gender, breed, vac, mypet_image, mypet_image_org, memo, registdate, member_name]
2019-07-26 11:27:12,688 [http-bio-8080-exec-24] DEBUG ResultSet - {rset-100062} Result: [22, 15, 할배, 8, 2, 슈나우저, 관절주사 3번째, mypet_1564037078887.jpg, 다운로드 (2).jpg, <p>귀여운 할배</p>, 2019-07-25 15:44:38.0, null]
2019-07-26 11:27:12,688 [http-bio-8080-exec-24] DEBUG ResultSet - {rset-100062} Result: [21, 15, 흰둥이, 1, 1, 말티즈, 예방접종 1차, mypet_1564037010990.jpg, images (2).jpg, <p>넘모 귀여움</p>, 2019-07-25 15:43:30.0, null]
2019-07-26 11:27:16,002 [http-bio-8080-exec-24] DEBUG Connection - {conn-100063} Connection
2019-07-26 11:27:16,003 [http-bio-8080-exec-24] DEBUG Connection - {conn-100063} Preparing Statement:          select * from mypet where member_pk=? ORDER BY registdate DESC      
2019-07-26 11:27:16,003 [http-bio-8080-exec-24] DEBUG PreparedStatement - {pstm-100064} Executing Statement:          select * from mypet where member_pk=? ORDER BY registdate DESC      
2019-07-26 11:27:16,003 [http-bio-8080-exec-24] DEBUG PreparedStatement - {pstm-100064} Parameters: [15]
2019-07-26 11:27:16,003 [http-bio-8080-exec-24] DEBUG PreparedStatement - {pstm-100064} Types: [java.lang.Integer]
2019-07-26 11:27:16,006 [http-bio-8080-exec-24] DEBUG ResultSet - {rset-100065} ResultSet
2019-07-26 11:27:16,007 [http-bio-8080-exec-24] DEBUG ResultSet - {rset-100065} Header: [no, member_pk, name, age, gender, breed, vac, mypet_image, mypet_image_org, memo, registdate, member_name]
2019-07-26 11:27:16,007 [http-bio-8080-exec-24] DEBUG ResultSet - {rset-100065} Result: [22, 15, 할배, 8, 2, 슈나우저, 관절주사 3번째, mypet_1564037078887.jpg, 다운로드 (2).jpg, <p>귀여운 할배</p>, 2019-07-25 15:44:38.0, null]
2019-07-26 11:27:16,008 [http-bio-8080-exec-24] DEBUG ResultSet - {rset-100065} Result: [21, 15, 흰둥이, 1, 1, 말티즈, 예방접종 1차, mypet_1564037010990.jpg, images (2).jpg, <p>넘모 귀여움</p>, 2019-07-25 15:43:30.0, null]
2019-07-26 11:27:41,487 [http-bio-8080-exec-26] DEBUG Connection - {conn-100066} Connection
2019-07-26 11:27:41,488 [http-bio-8080-exec-26] DEBUG Connection - {conn-100066} Preparing Statement:          select count(*) from mypet                 where    1=1              
2019-07-26 11:27:41,488 [http-bio-8080-exec-26] DEBUG PreparedStatement - {pstm-100067} Executing Statement:          select count(*) from mypet                 where    1=1              
2019-07-26 11:27:41,488 [http-bio-8080-exec-26] DEBUG PreparedStatement - {pstm-100067} Parameters: []
2019-07-26 11:27:41,488 [http-bio-8080-exec-26] DEBUG PreparedStatement - {pstm-100067} Types: []
2019-07-26 11:27:41,492 [http-bio-8080-exec-26] DEBUG ResultSet - {rset-100068} ResultSet
2019-07-26 11:27:41,493 [http-bio-8080-exec-26] DEBUG ResultSet - {rset-100068} Header: [count(*)]
2019-07-26 11:27:41,493 [http-bio-8080-exec-26] DEBUG ResultSet - {rset-100068} Result: [10]
2019-07-26 11:27:41,495 [http-bio-8080-exec-26] DEBUG Connection - {conn-100069} Connection
2019-07-26 11:27:41,495 [http-bio-8080-exec-26] DEBUG Connection - {conn-100069} Preparing Statement:          select * from mypet                 where    1=1            ORDER BY no DESC LIMIT 0, 10      
2019-07-26 11:27:41,496 [http-bio-8080-exec-26] DEBUG PreparedStatement - {pstm-100070} Executing Statement:          select * from mypet                 where    1=1            ORDER BY no DESC LIMIT 0, 10      
2019-07-26 11:27:41,496 [http-bio-8080-exec-26] DEBUG PreparedStatement - {pstm-100070} Parameters: []
2019-07-26 11:27:41,496 [http-bio-8080-exec-26] DEBUG PreparedStatement - {pstm-100070} Types: []
2019-07-26 11:27:41,497 [http-bio-8080-exec-26] DEBUG ResultSet - {rset-100071} ResultSet
2019-07-26 11:27:41,497 [http-bio-8080-exec-26] DEBUG ResultSet - {rset-100071} Header: [no, member_pk, name, age, gender, breed, vac, mypet_image, mypet_image_org, memo, registdate, member_name]
2019-07-26 11:27:41,497 [http-bio-8080-exec-26] DEBUG ResultSet - {rset-100071} Result: [24, 0, jkh, 6, 1, gvhn, kjhk, null, null, <p>hkhjk</p>, 2019-07-25 17:39:33.0, null]
2019-07-26 11:27:41,498 [http-bio-8080-exec-26] DEBUG ResultSet - {rset-100071} Result: [23, 0, ghf, 6, 1, hfgh, gh, null, null, <p>fghf</p>, 2019-07-25 17:39:19.0, null]
2019-07-26 11:27:41,498 [http-bio-8080-exec-26] DEBUG ResultSet - {rset-100071} Result: [22, 15, 할배, 8, 2, 슈나우저, 관절주사 3번째, mypet_1564037078887.jpg, 다운로드 (2).jpg, <p>귀여운 할배</p>, 2019-07-25 15:44:38.0, null]
2019-07-26 11:27:41,498 [http-bio-8080-exec-26] DEBUG ResultSet - {rset-100071} Result: [21, 15, 흰둥이, 1, 1, 말티즈, 예방접종 1차, mypet_1564037010990.jpg, images (2).jpg, <p>넘모 귀여움</p>, 2019-07-25 15:43:30.0, null]
2019-07-26 11:27:41,498 [http-bio-8080-exec-26] DEBUG ResultSet - {rset-100071} Result: [19, 14, ert, 2, 0, ert, ert, null, null, <p>ert</p>, 2019-07-25 14:49:07.0, null]
2019-07-26 11:27:41,498 [http-bio-8080-exec-26] DEBUG ResultSet - {rset-100071} Result: [18, 14, test, 2, 0, test, test, null, null, <p>&nbsp;test</p>, 2019-07-24 16:17:37.0, null]
2019-07-26 11:27:41,498 [http-bio-8080-exec-26] DEBUG ResultSet - {rset-100071} Result: [17, 13, 둥이, 2, 0, 슈나우저, 예방접종 1차, mypet_1563952477817.jpg, 다운로드 (2).jpg, <p>귀엽다</p>, 2019-07-24 16:14:37.0, null]
2019-07-26 11:27:41,499 [http-bio-8080-exec-26] DEBUG ResultSet - {rset-100071} Result: [16, 9, pet, 2, 0, 강아지, 예방접종 1차, mypet_1563935257840.jpg, images.jpg, <p>귀엽</p>, 2019-07-24 11:27:37.0, null]
2019-07-26 11:27:41,499 [http-bio-8080-exec-26] DEBUG ResultSet - {rset-100071} Result: [13, 1, 할배, 1, 0, 슈나우저, 예방접종 2차, mypet_1563762351649.jpg, 다운로드.jpg, , 2019-07-22 11:25:51.0, null]
2019-07-26 11:27:41,499 [http-bio-8080-exec-26] DEBUG ResultSet - {rset-100071} Result: [12, 1, 흰둥이, 2, 0, 말티즈, 예방접종 2차, mypet_1563761740642.jpg, images.jpg, , 2019-07-22 11:15:40.0, null]
2019-07-26 11:47:52,248 [http-bio-8080-exec-7] DEBUG Connection - {conn-100000} Connection
2019-07-26 11:47:52,254 [http-bio-8080-exec-7] DEBUG Connection - {conn-100000} Preparing Statement:       select count(*) as cnt from member where email=? and pw=md5(?)     
2019-07-26 11:47:52,289 [http-bio-8080-exec-7] DEBUG PreparedStatement - {pstm-100001} Executing Statement:       select count(*) as cnt from member where email=? and pw=md5(?)     
2019-07-26 11:47:52,289 [http-bio-8080-exec-7] DEBUG PreparedStatement - {pstm-100001} Parameters: [yuni@test.com, dldbs12]
2019-07-26 11:47:52,289 [http-bio-8080-exec-7] DEBUG PreparedStatement - {pstm-100001} Types: [java.lang.String, java.lang.String]
2019-07-26 11:47:52,308 [http-bio-8080-exec-7] DEBUG ResultSet - {rset-100002} ResultSet
2019-07-26 11:47:52,319 [http-bio-8080-exec-7] DEBUG ResultSet - {rset-100002} Header: [cnt]
2019-07-26 11:47:52,319 [http-bio-8080-exec-7] DEBUG ResultSet - {rset-100002} Result: [1]
2019-07-26 11:47:52,323 [http-bio-8080-exec-7] DEBUG Connection - {conn-100003} Connection
2019-07-26 11:47:52,323 [http-bio-8080-exec-7] DEBUG Connection - {conn-100003} Preparing Statement:          select * from member where email=? and pw=md5(?)     
2019-07-26 11:47:52,323 [http-bio-8080-exec-7] DEBUG PreparedStatement - {pstm-100004} Executing Statement:          select * from member where email=? and pw=md5(?)     
2019-07-26 11:47:52,323 [http-bio-8080-exec-7] DEBUG PreparedStatement - {pstm-100004} Parameters: [yuni@test.com, dldbs12]
2019-07-26 11:47:52,323 [http-bio-8080-exec-7] DEBUG PreparedStatement - {pstm-100004} Types: [java.lang.String, java.lang.String]
2019-07-26 11:47:52,326 [http-bio-8080-exec-7] DEBUG ResultSet - {rset-100005} ResultSet
2019-07-26 11:47:52,327 [http-bio-8080-exec-7] DEBUG ResultSet - {rset-100005} Header: [no, name, email, pw, tel, birth, registdate, memo]
2019-07-26 11:47:52,327 [http-bio-8080-exec-7] DEBUG ResultSet - {rset-100005} Result: [15, 윤이, yuni@test.com, 202e3a36d0d748db001039f88fe0283f, 010 8888 8888, 1998.11.16, 2019-07-25 15:40:59.0, <p>하이이</p>]
2019-07-26 11:47:54,913 [http-bio-8080-exec-10] DEBUG Connection - {conn-100006} Connection
2019-07-26 11:47:54,913 [http-bio-8080-exec-10] DEBUG Connection - {conn-100006} Preparing Statement:          select * from mypet where member_pk=? ORDER BY registdate DESC      
2019-07-26 11:47:54,913 [http-bio-8080-exec-10] DEBUG PreparedStatement - {pstm-100007} Executing Statement:          select * from mypet where member_pk=? ORDER BY registdate DESC      
2019-07-26 11:47:54,913 [http-bio-8080-exec-10] DEBUG PreparedStatement - {pstm-100007} Parameters: [15]
2019-07-26 11:47:54,913 [http-bio-8080-exec-10] DEBUG PreparedStatement - {pstm-100007} Types: [java.lang.Integer]
2019-07-26 11:47:54,914 [http-bio-8080-exec-10] DEBUG ResultSet - {rset-100008} ResultSet
2019-07-26 11:47:54,915 [http-bio-8080-exec-10] DEBUG ResultSet - {rset-100008} Header: [no, member_pk, name, age, gender, breed, vac, mypet_image, mypet_image_org, memo, registdate, member_name]
2019-07-26 11:47:54,915 [http-bio-8080-exec-10] DEBUG ResultSet - {rset-100008} Result: [22, 15, 할배, 8, 2, 슈나우저, 관절주사 3번째, mypet_1564037078887.jpg, 다운로드 (2).jpg, <p>귀여운 할배</p>, 2019-07-25 15:44:38.0, null]
2019-07-26 11:47:54,916 [http-bio-8080-exec-10] DEBUG ResultSet - {rset-100008} Result: [21, 15, 흰둥이, 1, 1, 말티즈, 예방접종 1차, mypet_1564037010990.jpg, images (2).jpg, <p>넘모 귀여움</p>, 2019-07-25 15:43:30.0, null]
2019-07-26 11:48:30,958 [http-bio-8080-exec-2] DEBUG Connection - {conn-100009} Connection
2019-07-26 11:48:30,958 [http-bio-8080-exec-2] DEBUG Connection - {conn-100009} Preparing Statement:          select * from mypet where member_pk=? ORDER BY registdate DESC      
2019-07-26 11:48:30,958 [http-bio-8080-exec-2] DEBUG PreparedStatement - {pstm-100010} Executing Statement:          select * from mypet where member_pk=? ORDER BY registdate DESC      
2019-07-26 11:48:30,958 [http-bio-8080-exec-2] DEBUG PreparedStatement - {pstm-100010} Parameters: [15]
2019-07-26 11:48:30,958 [http-bio-8080-exec-2] DEBUG PreparedStatement - {pstm-100010} Types: [java.lang.Integer]
2019-07-26 11:48:30,960 [http-bio-8080-exec-2] DEBUG ResultSet - {rset-100011} ResultSet
2019-07-26 11:48:30,961 [http-bio-8080-exec-2] DEBUG ResultSet - {rset-100011} Header: [no, member_pk, name, age, gender, breed, vac, mypet_image, mypet_image_org, memo, registdate, member_name]
2019-07-26 11:48:30,961 [http-bio-8080-exec-2] DEBUG ResultSet - {rset-100011} Result: [22, 15, 할배, 8, 2, 슈나우저, 관절주사 3번째, mypet_1564037078887.jpg, 다운로드 (2).jpg, <p>귀여운 할배</p>, 2019-07-25 15:44:38.0, null]
2019-07-26 11:48:30,962 [http-bio-8080-exec-2] DEBUG ResultSet - {rset-100011} Result: [21, 15, 흰둥이, 1, 1, 말티즈, 예방접종 1차, mypet_1564037010990.jpg, images (2).jpg, <p>넘모 귀여움</p>, 2019-07-25 15:43:30.0, null]
2019-07-26 11:48:33,732 [http-bio-8080-exec-4] DEBUG Connection - {conn-100012} Connection
2019-07-26 11:48:33,732 [http-bio-8080-exec-4] DEBUG Connection - {conn-100012} Preparing Statement:          select * from mypet where member_pk=? ORDER BY registdate DESC      
2019-07-26 11:48:33,732 [http-bio-8080-exec-4] DEBUG PreparedStatement - {pstm-100013} Executing Statement:          select * from mypet where member_pk=? ORDER BY registdate DESC      
2019-07-26 11:48:33,733 [http-bio-8080-exec-4] DEBUG PreparedStatement - {pstm-100013} Parameters: [15]
2019-07-26 11:48:33,733 [http-bio-8080-exec-4] DEBUG PreparedStatement - {pstm-100013} Types: [java.lang.Integer]
2019-07-26 11:48:33,733 [http-bio-8080-exec-4] DEBUG ResultSet - {rset-100014} ResultSet
2019-07-26 11:48:33,734 [http-bio-8080-exec-4] DEBUG ResultSet - {rset-100014} Header: [no, member_pk, name, age, gender, breed, vac, mypet_image, mypet_image_org, memo, registdate, member_name]
2019-07-26 11:48:33,734 [http-bio-8080-exec-4] DEBUG ResultSet - {rset-100014} Result: [22, 15, 할배, 8, 2, 슈나우저, 관절주사 3번째, mypet_1564037078887.jpg, 다운로드 (2).jpg, <p>귀여운 할배</p>, 2019-07-25 15:44:38.0, null]
2019-07-26 11:48:33,734 [http-bio-8080-exec-4] DEBUG ResultSet - {rset-100014} Result: [21, 15, 흰둥이, 1, 1, 말티즈, 예방접종 1차, mypet_1564037010990.jpg, images (2).jpg, <p>넘모 귀여움</p>, 2019-07-25 15:43:30.0, null]
2019-07-26 11:49:02,526 [http-bio-8080-exec-8] DEBUG Connection - {conn-100015} Connection
2019-07-26 11:49:02,527 [http-bio-8080-exec-8] DEBUG Connection - {conn-100015} Preparing Statement:          select * from mypet where member_pk=? ORDER BY registdate DESC      
2019-07-26 11:49:02,527 [http-bio-8080-exec-8] DEBUG PreparedStatement - {pstm-100016} Executing Statement:          select * from mypet where member_pk=? ORDER BY registdate DESC      
2019-07-26 11:49:02,527 [http-bio-8080-exec-8] DEBUG PreparedStatement - {pstm-100016} Parameters: [15]
2019-07-26 11:49:02,527 [http-bio-8080-exec-8] DEBUG PreparedStatement - {pstm-100016} Types: [java.lang.Integer]
2019-07-26 11:49:02,531 [http-bio-8080-exec-8] DEBUG ResultSet - {rset-100017} ResultSet
2019-07-26 11:49:02,532 [http-bio-8080-exec-8] DEBUG ResultSet - {rset-100017} Header: [no, member_pk, name, age, gender, breed, vac, mypet_image, mypet_image_org, memo, registdate, member_name]
2019-07-26 11:49:02,533 [http-bio-8080-exec-8] DEBUG ResultSet - {rset-100017} Result: [22, 15, 할배, 8, 2, 슈나우저, 관절주사 3번째, mypet_1564037078887.jpg, 다운로드 (2).jpg, <p>귀여운 할배</p>, 2019-07-25 15:44:38.0, null]
2019-07-26 11:49:02,534 [http-bio-8080-exec-8] DEBUG ResultSet - {rset-100017} Result: [21, 15, 흰둥이, 1, 1, 말티즈, 예방접종 1차, mypet_1564037010990.jpg, images (2).jpg, <p>넘모 귀여움</p>, 2019-07-25 15:43:30.0, null]
2019-07-26 11:49:53,144 [http-bio-8080-exec-7] DEBUG Connection - {conn-100018} Connection
2019-07-26 11:49:53,144 [http-bio-8080-exec-7] DEBUG Connection - {conn-100018} Preparing Statement:          select * from mypet where member_pk=? ORDER BY registdate DESC      
2019-07-26 11:49:53,145 [http-bio-8080-exec-7] DEBUG PreparedStatement - {pstm-100019} Executing Statement:          select * from mypet where member_pk=? ORDER BY registdate DESC      
2019-07-26 11:49:53,145 [http-bio-8080-exec-7] DEBUG PreparedStatement - {pstm-100019} Parameters: [15]
2019-07-26 11:49:53,145 [http-bio-8080-exec-7] DEBUG PreparedStatement - {pstm-100019} Types: [java.lang.Integer]
2019-07-26 11:49:53,145 [http-bio-8080-exec-7] DEBUG ResultSet - {rset-100020} ResultSet
2019-07-26 11:49:53,146 [http-bio-8080-exec-7] DEBUG ResultSet - {rset-100020} Header: [no, member_pk, name, age, gender, breed, vac, mypet_image, mypet_image_org, memo, registdate, member_name]
2019-07-26 11:49:53,146 [http-bio-8080-exec-7] DEBUG ResultSet - {rset-100020} Result: [22, 15, 할배, 8, 2, 슈나우저, 관절주사 3번째, mypet_1564037078887.jpg, 다운로드 (2).jpg, <p>귀여운 할배</p>, 2019-07-25 15:44:38.0, null]
2019-07-26 11:49:53,146 [http-bio-8080-exec-7] DEBUG ResultSet - {rset-100020} Result: [21, 15, 흰둥이, 1, 1, 말티즈, 예방접종 1차, mypet_1564037010990.jpg, images (2).jpg, <p>넘모 귀여움</p>, 2019-07-25 15:43:30.0, null]
2019-07-26 11:50:06,604 [http-bio-8080-exec-9] DEBUG Connection - {conn-100021} Connection
2019-07-26 11:50:06,604 [http-bio-8080-exec-9] DEBUG Connection - {conn-100021} Preparing Statement:                select no, name, age, gender, breed, vac, mypet_image, mypet_image_org, memo, registdate, member_pk,          (select name from member where no=mypet.member_pk) as member_name from mypet where no=?               
2019-07-26 11:50:06,604 [http-bio-8080-exec-9] DEBUG PreparedStatement - {pstm-100022} Executing Statement:                select no, name, age, gender, breed, vac, mypet_image, mypet_image_org, memo, registdate, member_pk,          (select name from member where no=mypet.member_pk) as member_name from mypet where no=?               
2019-07-26 11:50:06,604 [http-bio-8080-exec-9] DEBUG PreparedStatement - {pstm-100022} Parameters: [22]
2019-07-26 11:50:06,604 [http-bio-8080-exec-9] DEBUG PreparedStatement - {pstm-100022} Types: [java.lang.Integer]
2019-07-26 11:50:06,605 [http-bio-8080-exec-9] DEBUG ResultSet - {rset-100023} ResultSet
2019-07-26 11:50:06,606 [http-bio-8080-exec-9] DEBUG ResultSet - {rset-100023} Header: [no, name, age, gender, breed, vac, mypet_image, mypet_image_org, memo, registdate, member_pk, member_name]
2019-07-26 11:50:06,606 [http-bio-8080-exec-9] DEBUG ResultSet - {rset-100023} Result: [22, 할배, 8, 2, 슈나우저, 관절주사 3번째, mypet_1564037078887.jpg, 다운로드 (2).jpg, <p>귀여운 할배</p>, 2019-07-25 15:44:38.0, 15, 윤이]
2019-07-26 11:51:10,800 [http-bio-8080-exec-6] DEBUG Connection - {conn-100024} Connection
2019-07-26 11:51:10,800 [http-bio-8080-exec-6] DEBUG Connection - {conn-100024} Preparing Statement:          select * from mypet where member_pk=? ORDER BY registdate DESC      
2019-07-26 11:51:10,800 [http-bio-8080-exec-6] DEBUG PreparedStatement - {pstm-100025} Executing Statement:          select * from mypet where member_pk=? ORDER BY registdate DESC      
2019-07-26 11:51:10,800 [http-bio-8080-exec-6] DEBUG PreparedStatement - {pstm-100025} Parameters: [15]
2019-07-26 11:51:10,800 [http-bio-8080-exec-6] DEBUG PreparedStatement - {pstm-100025} Types: [java.lang.Integer]
2019-07-26 11:51:10,802 [http-bio-8080-exec-6] DEBUG ResultSet - {rset-100026} ResultSet
2019-07-26 11:51:10,803 [http-bio-8080-exec-6] DEBUG ResultSet - {rset-100026} Header: [no, member_pk, name, age, gender, breed, vac, mypet_image, mypet_image_org, memo, registdate, member_name]
2019-07-26 11:51:10,803 [http-bio-8080-exec-6] DEBUG ResultSet - {rset-100026} Result: [22, 15, 할배, 8, 2, 슈나우저, 관절주사 3번째, mypet_1564037078887.jpg, 다운로드 (2).jpg, <p>귀여운 할배</p>, 2019-07-25 15:44:38.0, null]
2019-07-26 11:51:10,803 [http-bio-8080-exec-6] DEBUG ResultSet - {rset-100026} Result: [21, 15, 흰둥이, 1, 1, 말티즈, 예방접종 1차, mypet_1564037010990.jpg, images (2).jpg, <p>넘모 귀여움</p>, 2019-07-25 15:43:30.0, null]
2019-07-26 11:51:12,324 [http-bio-8080-exec-10] DEBUG Connection - {conn-100027} Connection
2019-07-26 11:51:12,324 [http-bio-8080-exec-10] DEBUG Connection - {conn-100027} Preparing Statement:          select * from mypet where member_pk=? ORDER BY registdate DESC      
2019-07-26 11:51:12,324 [http-bio-8080-exec-10] DEBUG PreparedStatement - {pstm-100028} Executing Statement:          select * from mypet where member_pk=? ORDER BY registdate DESC      
2019-07-26 11:51:12,324 [http-bio-8080-exec-10] DEBUG PreparedStatement - {pstm-100028} Parameters: [15]
2019-07-26 11:51:12,324 [http-bio-8080-exec-10] DEBUG PreparedStatement - {pstm-100028} Types: [java.lang.Integer]
2019-07-26 11:51:12,325 [http-bio-8080-exec-10] DEBUG ResultSet - {rset-100029} ResultSet
2019-07-26 11:51:12,326 [http-bio-8080-exec-10] DEBUG ResultSet - {rset-100029} Header: [no, member_pk, name, age, gender, breed, vac, mypet_image, mypet_image_org, memo, registdate, member_name]
2019-07-26 11:51:12,326 [http-bio-8080-exec-10] DEBUG ResultSet - {rset-100029} Result: [22, 15, 할배, 8, 2, 슈나우저, 관절주사 3번째, mypet_1564037078887.jpg, 다운로드 (2).jpg, <p>귀여운 할배</p>, 2019-07-25 15:44:38.0, null]
2019-07-26 11:51:12,326 [http-bio-8080-exec-10] DEBUG ResultSet - {rset-100029} Result: [21, 15, 흰둥이, 1, 1, 말티즈, 예방접종 1차, mypet_1564037010990.jpg, images (2).jpg, <p>넘모 귀여움</p>, 2019-07-25 15:43:30.0, null]
2019-07-26 11:52:03,331 [http-bio-8080-exec-7] DEBUG Connection - {conn-100030} Connection
2019-07-26 11:52:03,332 [http-bio-8080-exec-7] DEBUG Connection - {conn-100030} Preparing Statement:          select * from mypet where member_pk=? ORDER BY registdate DESC      
2019-07-26 11:52:03,332 [http-bio-8080-exec-7] DEBUG PreparedStatement - {pstm-100031} Executing Statement:          select * from mypet where member_pk=? ORDER BY registdate DESC      
2019-07-26 11:52:03,332 [http-bio-8080-exec-7] DEBUG PreparedStatement - {pstm-100031} Parameters: [15]
2019-07-26 11:52:03,332 [http-bio-8080-exec-7] DEBUG PreparedStatement - {pstm-100031} Types: [java.lang.Integer]
2019-07-26 11:52:03,333 [http-bio-8080-exec-7] DEBUG ResultSet - {rset-100032} ResultSet
2019-07-26 11:52:03,338 [http-bio-8080-exec-7] DEBUG ResultSet - {rset-100032} Header: [no, member_pk, name, age, gender, breed, vac, mypet_image, mypet_image_org, memo, registdate, member_name]
2019-07-26 11:52:03,338 [http-bio-8080-exec-7] DEBUG ResultSet - {rset-100032} Result: [22, 15, 할배, 8, 2, 슈나우저, 관절주사 3번째, mypet_1564037078887.jpg, 다운로드 (2).jpg, <p>귀여운 할배</p>, 2019-07-25 15:44:38.0, null]
2019-07-26 11:52:03,338 [http-bio-8080-exec-7] DEBUG ResultSet - {rset-100032} Result: [21, 15, 흰둥이, 1, 1, 말티즈, 예방접종 1차, mypet_1564037010990.jpg, images (2).jpg, <p>넘모 귀여움</p>, 2019-07-25 15:43:30.0, null]
2019-07-26 11:52:27,489 [http-bio-8080-exec-8] DEBUG Connection - {conn-100033} Connection
2019-07-26 11:52:27,489 [http-bio-8080-exec-8] DEBUG Connection - {conn-100033} Preparing Statement:          select * from mypet where member_pk=? ORDER BY registdate DESC      
2019-07-26 11:52:27,489 [http-bio-8080-exec-8] DEBUG PreparedStatement - {pstm-100034} Executing Statement:          select * from mypet where member_pk=? ORDER BY registdate DESC      
2019-07-26 11:52:27,489 [http-bio-8080-exec-8] DEBUG PreparedStatement - {pstm-100034} Parameters: [15]
2019-07-26 11:52:27,489 [http-bio-8080-exec-8] DEBUG PreparedStatement - {pstm-100034} Types: [java.lang.Integer]
2019-07-26 11:52:27,492 [http-bio-8080-exec-8] DEBUG ResultSet - {rset-100035} ResultSet
2019-07-26 11:52:27,493 [http-bio-8080-exec-8] DEBUG ResultSet - {rset-100035} Header: [no, member_pk, name, age, gender, breed, vac, mypet_image, mypet_image_org, memo, registdate, member_name]
2019-07-26 11:52:27,493 [http-bio-8080-exec-8] DEBUG ResultSet - {rset-100035} Result: [22, 15, 할배, 8, 2, 슈나우저, 관절주사 3번째, mypet_1564037078887.jpg, 다운로드 (2).jpg, <p>귀여운 할배</p>, 2019-07-25 15:44:38.0, null]
2019-07-26 11:52:27,494 [http-bio-8080-exec-8] DEBUG ResultSet - {rset-100035} Result: [21, 15, 흰둥이, 1, 1, 말티즈, 예방접종 1차, mypet_1564037010990.jpg, images (2).jpg, <p>넘모 귀여움</p>, 2019-07-25 15:43:30.0, null]
2019-07-26 11:58:44,817 [http-bio-8080-exec-4] DEBUG Connection - {conn-100036} Connection
2019-07-26 11:58:44,818 [http-bio-8080-exec-4] DEBUG Connection - {conn-100036} Preparing Statement:          select * from mypet where member_pk=? ORDER BY registdate DESC      
2019-07-26 11:58:44,818 [http-bio-8080-exec-4] DEBUG PreparedStatement - {pstm-100037} Executing Statement:          select * from mypet where member_pk=? ORDER BY registdate DESC      
2019-07-26 11:58:44,819 [http-bio-8080-exec-4] DEBUG PreparedStatement - {pstm-100037} Parameters: [15]
2019-07-26 11:58:44,819 [http-bio-8080-exec-4] DEBUG PreparedStatement - {pstm-100037} Types: [java.lang.Integer]
2019-07-26 11:58:44,822 [http-bio-8080-exec-4] DEBUG ResultSet - {rset-100038} ResultSet
2019-07-26 11:58:44,823 [http-bio-8080-exec-4] DEBUG ResultSet - {rset-100038} Header: [no, member_pk, name, age, gender, breed, vac, mypet_image, mypet_image_org, memo, registdate, member_name]
2019-07-26 11:58:44,823 [http-bio-8080-exec-4] DEBUG ResultSet - {rset-100038} Result: [22, 15, 할배, 8, 2, 슈나우저, 관절주사 3번째, mypet_1564037078887.jpg, 다운로드 (2).jpg, <p>귀여운 할배</p>, 2019-07-25 15:44:38.0, null]
2019-07-26 11:58:44,824 [http-bio-8080-exec-4] DEBUG ResultSet - {rset-100038} Result: [21, 15, 흰둥이, 1, 1, 말티즈, 예방접종 1차, mypet_1564037010990.jpg, images (2).jpg, <p>넘모 귀여움</p>, 2019-07-25 15:43:30.0, null]
2019-07-26 12:15:58,111 [http-bio-8080-exec-3] DEBUG Connection - {conn-100039} Connection
2019-07-26 12:15:58,111 [http-bio-8080-exec-3] DEBUG Connection - {conn-100039} Preparing Statement:          select * from mypet where member_pk=? ORDER BY registdate DESC      
2019-07-26 12:15:58,112 [http-bio-8080-exec-3] DEBUG PreparedStatement - {pstm-100040} Executing Statement:          select * from mypet where member_pk=? ORDER BY registdate DESC      
2019-07-26 12:15:58,112 [http-bio-8080-exec-3] DEBUG PreparedStatement - {pstm-100040} Parameters: [15]
2019-07-26 12:15:58,112 [http-bio-8080-exec-3] DEBUG PreparedStatement - {pstm-100040} Types: [java.lang.Integer]
2019-07-26 12:15:58,114 [http-bio-8080-exec-3] DEBUG ResultSet - {rset-100041} ResultSet
2019-07-26 12:15:58,115 [http-bio-8080-exec-3] DEBUG ResultSet - {rset-100041} Header: [no, member_pk, name, age, gender, breed, vac, mypet_image, mypet_image_org, memo, registdate, member_name]
2019-07-26 12:15:58,115 [http-bio-8080-exec-3] DEBUG ResultSet - {rset-100041} Result: [22, 15, 할배, 8, 2, 슈나우저, 관절주사 3번째, mypet_1564037078887.jpg, 다운로드 (2).jpg, <p>귀여운 할배</p>, 2019-07-25 15:44:38.0, null]
2019-07-26 12:15:58,116 [http-bio-8080-exec-3] DEBUG ResultSet - {rset-100041} Result: [21, 15, 흰둥이, 1, 1, 말티즈, 예방접종 1차, mypet_1564037010990.jpg, images (2).jpg, <p>넘모 귀여움</p>, 2019-07-25 15:43:30.0, null]
2019-07-26 15:15:03,629 [http-bio-8080-exec-3] DEBUG Connection - {conn-100000} Connection
2019-07-26 15:15:03,637 [http-bio-8080-exec-3] DEBUG Connection - {conn-100000} Preparing Statement:                select no, name, age, gender, breed, vac, mypet_image, mypet_image_org, memo, registdate, member_pk,          (select name from member where no=mypet.member_pk) as member_name from mypet where no=?               
2019-07-26 15:15:03,665 [http-bio-8080-exec-3] DEBUG PreparedStatement - {pstm-100001} Executing Statement:                select no, name, age, gender, breed, vac, mypet_image, mypet_image_org, memo, registdate, member_pk,          (select name from member where no=mypet.member_pk) as member_name from mypet where no=?               
2019-07-26 15:15:03,665 [http-bio-8080-exec-3] DEBUG PreparedStatement - {pstm-100001} Parameters: [24]
2019-07-26 15:15:03,665 [http-bio-8080-exec-3] DEBUG PreparedStatement - {pstm-100001} Types: [java.lang.Integer]
2019-07-26 15:15:03,681 [http-bio-8080-exec-3] DEBUG ResultSet - {rset-100002} ResultSet
2019-07-26 15:15:03,690 [http-bio-8080-exec-3] DEBUG ResultSet - {rset-100002} Header: [no, name, age, gender, breed, vac, mypet_image, mypet_image_org, memo, registdate, member_pk, member_name]
2019-07-26 15:15:03,690 [http-bio-8080-exec-3] DEBUG ResultSet - {rset-100002} Result: [24, jkh, 6, 1, gvhn, kjhk, null, null, <p>hkhjk</p>, 2019-07-25 17:39:33.0, 0, null]
2019-07-26 15:15:07,188 [http-bio-8080-exec-8] DEBUG Connection - {conn-100003} Connection
2019-07-26 15:15:07,195 [http-bio-8080-exec-8] DEBUG Connection - {conn-100003} Preparing Statement:          select count(*) from mypet                 where    1=1              
2019-07-26 15:15:07,196 [http-bio-8080-exec-8] DEBUG PreparedStatement - {pstm-100004} Executing Statement:          select count(*) from mypet                 where    1=1              
2019-07-26 15:15:07,196 [http-bio-8080-exec-8] DEBUG PreparedStatement - {pstm-100004} Parameters: []
2019-07-26 15:15:07,196 [http-bio-8080-exec-8] DEBUG PreparedStatement - {pstm-100004} Types: []
2019-07-26 15:15:07,200 [http-bio-8080-exec-8] DEBUG ResultSet - {rset-100005} ResultSet
2019-07-26 15:15:07,201 [http-bio-8080-exec-8] DEBUG ResultSet - {rset-100005} Header: [count(*)]
2019-07-26 15:15:07,201 [http-bio-8080-exec-8] DEBUG ResultSet - {rset-100005} Result: [10]
2019-07-26 15:15:07,212 [http-bio-8080-exec-8] DEBUG Connection - {conn-100006} Connection
2019-07-26 15:15:07,213 [http-bio-8080-exec-8] DEBUG Connection - {conn-100006} Preparing Statement:          select * from mypet                 where    1=1            ORDER BY no DESC LIMIT 0, 10      
2019-07-26 15:15:07,214 [http-bio-8080-exec-8] DEBUG PreparedStatement - {pstm-100007} Executing Statement:          select * from mypet                 where    1=1            ORDER BY no DESC LIMIT 0, 10      
2019-07-26 15:15:07,214 [http-bio-8080-exec-8] DEBUG PreparedStatement - {pstm-100007} Parameters: []
2019-07-26 15:15:07,214 [http-bio-8080-exec-8] DEBUG PreparedStatement - {pstm-100007} Types: []
2019-07-26 15:15:07,218 [http-bio-8080-exec-8] DEBUG ResultSet - {rset-100008} ResultSet
2019-07-26 15:15:07,221 [http-bio-8080-exec-8] DEBUG ResultSet - {rset-100008} Header: [no, member_pk, name, age, gender, breed, vac, mypet_image, mypet_image_org, memo, registdate, member_name]
2019-07-26 15:15:07,221 [http-bio-8080-exec-8] DEBUG ResultSet - {rset-100008} Result: [24, 0, jkh, 6, 1, gvhn, kjhk, null, null, <p>hkhjk</p>, 2019-07-25 17:39:33.0, null]
2019-07-26 15:15:07,223 [http-bio-8080-exec-8] DEBUG ResultSet - {rset-100008} Result: [23, 0, ghf, 6, 1, hfgh, gh, null, null, <p>fghf</p>, 2019-07-25 17:39:19.0, null]
2019-07-26 15:15:07,223 [http-bio-8080-exec-8] DEBUG ResultSet - {rset-100008} Result: [22, 15, 할배, 8, 2, 슈나우저, 관절주사 3번째, mypet_1564037078887.jpg, 다운로드 (2).jpg, <p>귀여운 할배</p>, 2019-07-25 15:44:38.0, null]
2019-07-26 15:15:07,224 [http-bio-8080-exec-8] DEBUG ResultSet - {rset-100008} Result: [21, 15, 흰둥이, 1, 1, 말티즈, 예방접종 1차, mypet_1564037010990.jpg, images (2).jpg, <p>넘모 귀여움</p>, 2019-07-25 15:43:30.0, null]
2019-07-26 15:15:07,224 [http-bio-8080-exec-8] DEBUG ResultSet - {rset-100008} Result: [19, 14, ert, 2, 0, ert, ert, null, null, <p>ert</p>, 2019-07-25 14:49:07.0, null]
2019-07-26 15:15:07,225 [http-bio-8080-exec-8] DEBUG ResultSet - {rset-100008} Result: [18, 14, test, 2, 0, test, test, null, null, <p>&nbsp;test</p>, 2019-07-24 16:17:37.0, null]
2019-07-26 15:15:07,225 [http-bio-8080-exec-8] DEBUG ResultSet - {rset-100008} Result: [17, 13, 둥이, 2, 0, 슈나우저, 예방접종 1차, mypet_1563952477817.jpg, 다운로드 (2).jpg, <p>귀엽다</p>, 2019-07-24 16:14:37.0, null]
2019-07-26 15:15:07,226 [http-bio-8080-exec-8] DEBUG ResultSet - {rset-100008} Result: [16, 9, pet, 2, 0, 강아지, 예방접종 1차, mypet_1563935257840.jpg, images.jpg, <p>귀엽</p>, 2019-07-24 11:27:37.0, null]
2019-07-26 15:15:07,226 [http-bio-8080-exec-8] DEBUG ResultSet - {rset-100008} Result: [13, 1, 할배, 1, 0, 슈나우저, 예방접종 2차, mypet_1563762351649.jpg, 다운로드.jpg, , 2019-07-22 11:25:51.0, null]
2019-07-26 15:15:07,226 [http-bio-8080-exec-8] DEBUG ResultSet - {rset-100008} Result: [12, 1, 흰둥이, 2, 0, 말티즈, 예방접종 2차, mypet_1563761740642.jpg, images.jpg, , 2019-07-22 11:15:40.0, null]
2019-07-26 15:15:08,819 [http-bio-8080-exec-5] DEBUG Connection - {conn-100009} Connection
2019-07-26 15:15:08,819 [http-bio-8080-exec-5] DEBUG Connection - {conn-100009} Preparing Statement:                select no, name, age, gender, breed, vac, mypet_image, mypet_image_org, memo, registdate, member_pk,          (select name from member where no=mypet.member_pk) as member_name from mypet where no=?               
2019-07-26 15:15:08,820 [http-bio-8080-exec-5] DEBUG PreparedStatement - {pstm-100010} Executing Statement:                select no, name, age, gender, breed, vac, mypet_image, mypet_image_org, memo, registdate, member_pk,          (select name from member where no=mypet.member_pk) as member_name from mypet where no=?               
2019-07-26 15:15:08,820 [http-bio-8080-exec-5] DEBUG PreparedStatement - {pstm-100010} Parameters: [24]
2019-07-26 15:15:08,820 [http-bio-8080-exec-5] DEBUG PreparedStatement - {pstm-100010} Types: [java.lang.Integer]
2019-07-26 15:15:08,821 [http-bio-8080-exec-5] DEBUG ResultSet - {rset-100011} ResultSet
2019-07-26 15:15:08,821 [http-bio-8080-exec-5] DEBUG ResultSet - {rset-100011} Header: [no, name, age, gender, breed, vac, mypet_image, mypet_image_org, memo, registdate, member_pk, member_name]
2019-07-26 15:15:08,822 [http-bio-8080-exec-5] DEBUG ResultSet - {rset-100011} Result: [24, jkh, 6, 1, gvhn, kjhk, null, null, <p>hkhjk</p>, 2019-07-25 17:39:33.0, 0, null]
